\BOOKMARK [1][-]{section.1}{\376\377\133\236\232\214\121\205\133\271}{}% 1
\BOOKMARK [2][-]{subsection.1.1}{\376\377\165\114\227\142\146\076\171\072}{section.1}% 2
\BOOKMARK [2][-]{subsection.1.2}{\376\377\156\070\142\017\116\073\117\123}{section.1}% 3
\BOOKMARK [2][-]{subsection.1.3}{\376\377\156\070\142\017\220\073\217\221}{section.1}% 4
\BOOKMARK [1][-]{section.2}{\376\377\133\236\232\214\166\356\150\007}{}% 5
\BOOKMARK [1][-]{section.3}{\376\377\133\236\232\214\163\257\130\203}{}% 6
\BOOKMARK [1][-]{section.4}{\376\377\133\236\232\214\213\276\213\241\140\035\215\357}{}% 7
\BOOKMARK [1][-]{section.5}{\376\377\124\004\116\052\174\173\166\204\213\276\213\241}{}% 8
\BOOKMARK [2][-]{subsection.5.1}{\376\377\000z\000o\000m\000b\000i\000e\174\173}{section.5}% 9
\BOOKMARK [2][-]{subsection.5.2}{\376\377\000p\000l\000a\000n\000t\174\173}{section.5}% 10
\BOOKMARK [2][-]{subsection.5.3}{\376\377\000b\000u\000l\000l\000e\000t\174\173}{section.5}% 11
\BOOKMARK [2][-]{subsection.5.4}{\376\377\000l\000a\000n\000d\174\173}{section.5}% 12
\BOOKMARK [2][-]{subsection.5.5}{\376\377\000l\000a\000n\000D\000i\000s\000p\000l\000a\000y\174\173}{section.5}% 13
\BOOKMARK [1][-]{section.6}{\376\377\172\013\136\217\116\256\160\271}{}% 14
\BOOKMARK [1][-]{section.7}{\376\377\163\251\154\325}{}% 15
\BOOKMARK [2][-]{subsection.7.1}{\376\377\156\070\142\017\137\000\131\313\165\114\227\142}{section.7}% 16
\BOOKMARK [2][-]{subsection.7.2}{\376\377\125\106\136\227\215\055\116\160\211\304\122\031}{section.7}% 17
\BOOKMARK [2][-]{subsection.7.3}{\376\377\145\073\121\373\211\304\122\031}{section.7}% 18
\BOOKMARK [2][-]{subsection.7.4}{\376\377\213\241\122\006\211\304\122\031\213\364\146\016}{section.7}% 19
\BOOKMARK [2][-]{subsection.7.5}{\376\377\140\073\176\323\116\016\141\037\140\363}{section.7}% 20
