\BOOKMARK [1][-]{section.1}{\376\377\133\236\232\214\121\205\133\271}{}% 1
\BOOKMARK [2][-]{subsection.1.1}{\376\377\165\114\227\142\146\076\171\072}{section.1}% 2
\BOOKMARK [2][-]{subsection.1.2}{\376\377\156\070\142\017\116\073\117\123}{section.1}% 3
\BOOKMARK [2][-]{subsection.1.3}{\376\377\156\070\142\017\220\073\217\221}{section.1}% 4
\BOOKMARK [1][-]{section.2}{\376\377\133\236\232\214\166\356\150\007}{}% 5
\BOOKMARK [1][-]{section.3}{\376\377\133\236\232\214\163\257\130\203}{}% 6
\BOOKMARK [1][-]{section.4}{\376\377\166\370\153\324\217\203\173\054\116\214\226\066\153\265\166\204\123\330\122\250}{}% 7
\BOOKMARK [1][-]{section.5}{\376\377\133\236\232\214\213\276\213\241\140\035\215\357}{}% 8
\BOOKMARK [1][-]{section.6}{\376\377\124\004\116\052\174\173\166\204\213\276\213\241}{}% 9
\BOOKMARK [2][-]{subsection.6.1}{\376\377\000z\000o\000m\000b\000i\000e\174\173}{section.6}% 10
\BOOKMARK [3][-]{subsubsection.6.1.1}{\376\377\146\156\220\032\120\365\134\070}{subsection.6.1}% 11
\BOOKMARK [3][-]{subsubsection.6.1.2}{\376\377\213\373\142\245\120\365\134\070}{subsection.6.1}% 12
\BOOKMARK [3][-]{subsubsection.6.1.3}{\376\377\144\221\147\106\120\365\134\070}{subsection.6.1}% 13
\BOOKMARK [3][-]{subsubsection.6.1.4}{\376\377\142\225\167\363\120\365\134\070}{subsection.6.1}% 14
\BOOKMARK [3][-]{subsubsection.6.1.5}{\376\377\134\017\116\021\120\365\134\070}{subsection.6.1}% 15
\BOOKMARK [3][-]{subsubsection.6.1.6}{\376\377\116\016\123\127\164\334\131\064\060\001\131\047\204\234\166\204\145\073\121\373\220\073\217\221}{subsection.6.1}% 16
\BOOKMARK [2][-]{subsection.6.2}{\376\377\000p\000l\000a\000n\000t\174\173}{section.6}% 17
\BOOKMARK [3][-]{subsubsection.6.2.1}{\376\377\000p\000e\000a\000S\000h\000o\000o\000t\000e\000r\174\173}{subsection.6.2}% 18
\BOOKMARK [3][-]{subsubsection.6.2.2}{\376\377\000p\000o\000t\000a\000t\000o\174\173}{subsection.6.2}% 19
\BOOKMARK [3][-]{subsubsection.6.2.3}{\376\377\000s\000u\000n\000F\000l\000o\000w\000e\000r\174\173}{subsection.6.2}% 20
\BOOKMARK [3][-]{subsubsection.6.2.4}{\376\377\000i\000c\000e\000P\000e\000a\174\173}{subsection.6.2}% 21
\BOOKMARK [3][-]{subsubsection.6.2.5}{\376\377\000b\000i\000P\000e\000a\174\173}{subsection.6.2}% 22
\BOOKMARK [3][-]{subsubsection.6.2.6}{\376\377\000c\000h\000e\000r\000r\000y\000b\000o\000m\000b\174\173}{subsection.6.2}% 23
\BOOKMARK [3][-]{subsubsection.6.2.7}{\376\377\000n\000u\000t\174\173\060\001\000h\000N\000u\000t\174\173\060\001\000p\000u\000m\000p\000k\000i\000n\174\173\377\014\000g\000a\000r\000l\000i\000c\174\173}{subsection.6.2}% 24
\BOOKMARK [2][-]{subsection.6.3}{\376\377\000i\000t\000e\000m\174\173}{section.6}% 25
\BOOKMARK [3][-]{subsubsection.6.3.1}{\376\377\000c\000a\000r\174\173}{subsection.6.3}% 26
\BOOKMARK [3][-]{subsubsection.6.3.2}{\376\377\000c\000a\000r\000d\174\173}{subsection.6.3}% 27
\BOOKMARK [3][-]{subsubsection.6.3.3}{\376\377\000l\000a\000n\000d\174\173}{subsection.6.3}% 28
\BOOKMARK [3][-]{subsubsection.6.3.4}{\376\377\000p\000a\000u\000s\000e\174\173}{subsection.6.3}% 29
\BOOKMARK [3][-]{subsubsection.6.3.5}{\376\377\000r\000e\000m\000o\000v\000e\174\173}{subsection.6.3}% 30
\BOOKMARK [3][-]{subsubsection.6.3.6}{\376\377\000s\000t\000o\000r\000e\174\173}{subsection.6.3}% 31
\BOOKMARK [3][-]{subsubsection.6.3.7}{\376\377\000s\000u\000n\174\173}{subsection.6.3}% 32
\BOOKMARK [2][-]{subsection.6.4}{\376\377\000m\000a\000i\000n\000S\000c\000e\000n\000e\174\173}{section.6}% 33
\BOOKMARK [2][-]{subsection.6.5}{\376\377\000l\000e\000v\000e\000l\000S\000c\000e\000n\000e\174\173}{section.6}% 34
\BOOKMARK [3][-]{subsubsection.6.5.1}{\376\377\147\204\220\040\121\375\145\160}{subsection.6.5}% 35
\BOOKMARK [3][-]{subsubsection.6.5.2}{\376\377\000t\000i\000m\000e\000r\000B\000e\000g\000i\000n}{subsection.6.5}% 36
\BOOKMARK [3][-]{subsubsection.6.5.3}{\376\377\000a\000d\000d\000Z\000o\000m}{subsection.6.5}% 37
\BOOKMARK [3][-]{subsubsection.6.5.4}{\376\377\000c\000h\000e\000c\000k\121\375\145\160}{subsection.6.5}% 38
\BOOKMARK [2][-]{subsection.6.6}{\376\377\000f\000i\000g\000h\000t\000B\000u\000t\000t\000o\000n\174\173}{section.6}% 39
\BOOKMARK [1][-]{section.7}{\376\377\172\013\136\217\116\256\160\271}{}% 40
\BOOKMARK [1][-]{section.8}{\376\377\226\104\122\240\122\237\200\375}{}% 41
\BOOKMARK [1][-]{section.9}{\376\377\163\251\154\325}{}% 42
\BOOKMARK [2][-]{subsection.9.1}{\376\377\156\070\142\017\137\000\131\313\165\114\227\142}{section.9}% 43
\BOOKMARK [2][-]{subsection.9.2}{\376\377\125\106\136\227\215\055\116\160\211\304\122\031}{section.9}% 44
\BOOKMARK [2][-]{subsection.9.3}{\376\377\145\073\121\373\211\304\122\031}{section.9}% 45
\BOOKMARK [1][-]{section.10}{\376\377\220\107\122\060\166\204\225\356\230\230\116\345\123\312\211\343\121\263\145\271\154\325}{}% 46
\BOOKMARK [1][-]{section.11}{\376\377\116\016\122\115\116\044\153\041\213\376\213\276\166\204\121\163\174\373}{}% 47
\BOOKMARK [1][-]{section.12}{\376\377\140\073\176\323\116\016\141\037\140\363}{}% 48
