This is pdfTeX, Version 3.14159265-2.6-1.40.20 (TeX Live 2019/W32TeX) (preloaded format=pdflatex 2020.5.16)  5 JUN 2021 22:21
entering extended mode
 restricted \write18 enabled.
 file:line:error style messages enabled.
 %&-line parsing enabled.
**c:/Users/hp/Desktop/pvzDesign3/PVZThree.tex
(c:/Users/hp/Desktop/pvzDesign3/PVZThree.tex
LaTeX2e <2018-12-01>
(d:/LateXiso/texlive/2019/texmf-dist/tex/latex/base/article.cls
Document Class: article 2018/09/03 v1.4i Standard LaTeX document class
(d:/LateXiso/texlive/2019/texmf-dist/tex/latex/base/size12.clo
File: size12.clo 2018/09/03 v1.4i Standard LaTeX file (size option)
)
\c@part=\count80
\c@section=\count81
\c@subsection=\count82
\c@subsubsection=\count83
\c@paragraph=\count84
\c@subparagraph=\count85
\c@figure=\count86
\c@table=\count87
\abovecaptionskip=\skip41
\belowcaptionskip=\skip42
\bibindent=\dimen102
) (d:/LateXiso/texlive/2019/texmf-dist/tex/latex/ctex/ctex.sty (d:/LateXiso/texlive/2019/texmf-dist/tex/latex/l3kernel/expl3.sty
Package: expl3 2019-04-06 L3 programming layer (loader) 
 (d:/LateXiso/texlive/2019/texmf-dist/tex/latex/l3kernel/expl3-code.tex
Package: expl3 2019-04-06 L3 programming layer (code)
\c_max_int=\count88
\l_tmpa_int=\count89
\l_tmpb_int=\count90
\g_tmpa_int=\count91
\g_tmpb_int=\count92
\g__kernel_prg_map_int=\count93
\c__ior_term_ior=\count94
\c_log_iow=\count95
\l_iow_line_count_int=\count96
\l__iow_line_target_int=\count97
\l__iow_one_indent_int=\count98
\l__iow_indent_int=\count99
\c_zero_dim=\dimen103
\c_max_dim=\dimen104
\l_tmpa_dim=\dimen105
\l_tmpb_dim=\dimen106
\g_tmpa_dim=\dimen107
\g_tmpb_dim=\dimen108
\c_zero_skip=\skip43
\c_max_skip=\skip44
\l_tmpa_skip=\skip45
\l_tmpb_skip=\skip46
\g_tmpa_skip=\skip47
\g_tmpb_skip=\skip48
\c_zero_muskip=\muskip10
\c_max_muskip=\muskip11
\l_tmpa_muskip=\muskip12
\l_tmpb_muskip=\muskip13
\g_tmpa_muskip=\muskip14
\g_tmpb_muskip=\muskip15
\l_keys_choice_int=\count100
\l__intarray_loop_int=\count101
\c__intarray_sp_dim=\dimen109
\g__intarray_font_int=\count102
\c__fp_leading_shift_int=\count103
\c__fp_middle_shift_int=\count104
\c__fp_trailing_shift_int=\count105
\c__fp_big_leading_shift_int=\count106
\c__fp_big_middle_shift_int=\count107
\c__fp_big_trailing_shift_int=\count108
\c__fp_Bigg_leading_shift_int=\count109
\c__fp_Bigg_middle_shift_int=\count110
\c__fp_Bigg_trailing_shift_int=\count111
\c__kernel_randint_max_int=\count112
\g__fp_array_int=\count113
\l__fp_array_loop_int=\count114
\l__sort_length_int=\count115
\l__sort_min_int=\count116
\l__sort_top_int=\count117
\l__sort_max_int=\count118
\l__sort_true_max_int=\count119
\l__sort_block_int=\count120
\l__sort_begin_int=\count121
\l__sort_end_int=\count122
\l__sort_A_int=\count123
\l__sort_B_int=\count124
\l__sort_C_int=\count125
\l__tl_analysis_normal_int=\count126
\l__tl_analysis_index_int=\count127
\l__tl_analysis_nesting_int=\count128
\l__tl_analysis_type_int=\count129
\l__regex_internal_a_int=\count130
\l__regex_internal_b_int=\count131
\l__regex_internal_c_int=\count132
\l__regex_balance_int=\count133
\l__regex_group_level_int=\count134
\l__regex_mode_int=\count135
\c__regex_cs_in_class_mode_int=\count136
\c__regex_cs_mode_int=\count137
\l__regex_catcodes_int=\count138
\l__regex_default_catcodes_int=\count139
\c__regex_catcode_D_int=\count140
\c__regex_catcode_S_int=\count141
\c__regex_catcode_L_int=\count142
\c__regex_catcode_O_int=\count143
\c__regex_catcode_A_int=\count144
\c__regex_all_catcodes_int=\count145
\l__regex_show_lines_int=\count146
\l__regex_min_state_int=\count147
\l__regex_max_state_int=\count148
\l__regex_left_state_int=\count149
\l__regex_right_state_int=\count150
\l__regex_capturing_group_int=\count151
\l__regex_min_pos_int=\count152
\l__regex_max_pos_int=\count153
\l__regex_curr_pos_int=\count154
\l__regex_start_pos_int=\count155
\l__regex_success_pos_int=\count156
\l__regex_curr_char_int=\count157
\l__regex_curr_catcode_int=\count158
\l__regex_last_char_int=\count159
\l__regex_case_changed_char_int=\count160
\l__regex_curr_state_int=\count161
\l__regex_step_int=\count162
\l__regex_min_active_int=\count163
\l__regex_max_active_int=\count164
\l__regex_replacement_csnames_int=\count165
\l__regex_match_count_int=\count166
\l__regex_min_submatch_int=\count167
\l__regex_submatch_int=\count168
\l__regex_zeroth_submatch_int=\count169
\g__regex_trace_regex_int=\count170
\c_empty_box=\box27
\l_tmpa_box=\box28
\l_tmpb_box=\box29
\g_tmpa_box=\box30
\g_tmpb_box=\box31
\l__box_top_dim=\dimen110
\l__box_bottom_dim=\dimen111
\l__box_left_dim=\dimen112
\l__box_right_dim=\dimen113
\l__box_top_new_dim=\dimen114
\l__box_bottom_new_dim=\dimen115
\l__box_left_new_dim=\dimen116
\l__box_right_new_dim=\dimen117
\l__box_internal_box=\box32
\l__coffin_internal_box=\box33
\l__coffin_internal_dim=\dimen118
\l__coffin_offset_x_dim=\dimen119
\l__coffin_offset_y_dim=\dimen120
\l__coffin_x_dim=\dimen121
\l__coffin_y_dim=\dimen122
\l__coffin_x_prime_dim=\dimen123
\l__coffin_y_prime_dim=\dimen124
\c_empty_coffin=\box34
\l__coffin_aligned_coffin=\box35
\l__coffin_aligned_internal_coffin=\box36
\l_tmpa_coffin=\box37
\l_tmpb_coffin=\box38
\g_tmpa_coffin=\box39
\g_tmpb_coffin=\box40
\l__coffin_bounding_shift_dim=\dimen125
\l__coffin_left_corner_dim=\dimen126
\l__coffin_right_corner_dim=\dimen127
\l__coffin_bottom_corner_dim=\dimen128
\l__coffin_top_corner_dim=\dimen129
\l__coffin_scaled_total_height_dim=\dimen130
\l__coffin_scaled_width_dim=\dimen131
\c__coffin_empty_coffin=\box41
\l__coffin_display_coffin=\box42
\l__coffin_display_coord_coffin=\box43
\l__coffin_display_pole_coffin=\box44
\l__coffin_display_offset_dim=\dimen132
\l__coffin_display_x_dim=\dimen133
\l__coffin_display_y_dim=\dimen134
\g__file_internal_ior=\read1
\l__seq_internal_a_int=\count171
\l__seq_internal_b_int=\count172
\c__deprecation_minus_one=\count173
) (d:/LateXiso/texlive/2019/texmf-dist/tex/latex/l3kernel/l3pdfmode.def
File: l3pdfmode.def 2019-04-06 v L3 Experimental driver: PDF mode
\l__driver_color_stack_int=\count174
))
Package: ctex 2019/04/07 v2.4.15 Chinese adapter in LaTeX (CTEX)
 (d:/LateXiso/texlive/2019/texmf-dist/tex/latex/l3packages/xparse/xparse.sty
Package: xparse 2019-03-05 L3 Experimental document command parser
\l__xparse_current_arg_int=\count175
\g__xparse_grabber_int=\count176
\l__xparse_m_args_int=\count177
\l__xparse_v_nesting_int=\count178
) (d:/LateXiso/texlive/2019/texmf-dist/tex/latex/l3packages/l3keys2e/l3keys2e.sty
Package: l3keys2e 2019-03-05 LaTeX2e option processing using LaTeX3 keys
) (d:/LateXiso/texlive/2019/texmf-dist/tex/latex/ctex/ctexhook.sty
Package: ctexhook 2019/04/07 v2.4.15 Document and package hooks (CTEX)
) (d:/LateXiso/texlive/2019/texmf-dist/tex/latex/ctex/ctexpatch.sty
Package: ctexpatch 2019/04/07 v2.4.15 Patching commands (CTEX)
) (d:/LateXiso/texlive/2019/texmf-dist/tex/latex/base/fix-cm.sty
Package: fix-cm 2015/01/14 v1.1t fixes to LaTeX
 (d:/LateXiso/texlive/2019/texmf-dist/tex/latex/base/ts1enc.def
File: ts1enc.def 2001/06/05 v3.0e (jk/car/fm) Standard LaTeX file
Now handling font encoding TS1 ...
... processing UTF-8 mapping file for font encoding TS1
 (d:/LateXiso/texlive/2019/texmf-dist/tex/latex/base/ts1enc.dfu
File: ts1enc.dfu 2018/10/05 v1.2f UTF-8 support for inputenc
   defining Unicode char U+00A2 (decimal 162)
   defining Unicode char U+00A3 (decimal 163)
   defining Unicode char U+00A4 (decimal 164)
   defining Unicode char U+00A5 (decimal 165)
   defining Unicode char U+00A6 (decimal 166)
   defining Unicode char U+00A7 (decimal 167)
   defining Unicode char U+00A8 (decimal 168)
   defining Unicode char U+00A9 (decimal 169)
   defining Unicode char U+00AA (decimal 170)
   defining Unicode char U+00AC (decimal 172)
   defining Unicode char U+00AE (decimal 174)
   defining Unicode char U+00AF (decimal 175)
   defining Unicode char U+00B0 (decimal 176)
   defining Unicode char U+00B1 (decimal 177)
   defining Unicode char U+00B2 (decimal 178)
   defining Unicode char U+00B3 (decimal 179)
   defining Unicode char U+00B4 (decimal 180)
   defining Unicode char U+00B5 (decimal 181)
   defining Unicode char U+00B6 (decimal 182)
   defining Unicode char U+00B7 (decimal 183)
   defining Unicode char U+00B9 (decimal 185)
   defining Unicode char U+00BA (decimal 186)
   defining Unicode char U+00BC (decimal 188)
   defining Unicode char U+00BD (decimal 189)
   defining Unicode char U+00BE (decimal 190)
   defining Unicode char U+00D7 (decimal 215)
   defining Unicode char U+00F7 (decimal 247)
   defining Unicode char U+0192 (decimal 402)
   defining Unicode char U+02C7 (decimal 711)
   defining Unicode char U+02D8 (decimal 728)
   defining Unicode char U+02DD (decimal 733)
   defining Unicode char U+0E3F (decimal 3647)
   defining Unicode char U+2016 (decimal 8214)
   defining Unicode char U+2020 (decimal 8224)
   defining Unicode char U+2021 (decimal 8225)
   defining Unicode char U+2022 (decimal 8226)
   defining Unicode char U+2030 (decimal 8240)
   defining Unicode char U+2031 (decimal 8241)
   defining Unicode char U+203B (decimal 8251)
   defining Unicode char U+203D (decimal 8253)
   defining Unicode char U+2044 (decimal 8260)
   defining Unicode char U+204E (decimal 8270)
   defining Unicode char U+2052 (decimal 8274)
   defining Unicode char U+20A1 (decimal 8353)
   defining Unicode char U+20A4 (decimal 8356)
   defining Unicode char U+20A6 (decimal 8358)
   defining Unicode char U+20A9 (decimal 8361)
   defining Unicode char U+20AB (decimal 8363)
   defining Unicode char U+20AC (decimal 8364)
   defining Unicode char U+20B1 (decimal 8369)
   defining Unicode char U+2103 (decimal 8451)
   defining Unicode char U+2116 (decimal 8470)
   defining Unicode char U+2117 (decimal 8471)
   defining Unicode char U+211E (decimal 8478)
   defining Unicode char U+2120 (decimal 8480)
   defining Unicode char U+2122 (decimal 8482)
   defining Unicode char U+2126 (decimal 8486)
   defining Unicode char U+2127 (decimal 8487)
   defining Unicode char U+212E (decimal 8494)
   defining Unicode char U+2190 (decimal 8592)
   defining Unicode char U+2191 (decimal 8593)
   defining Unicode char U+2192 (decimal 8594)
   defining Unicode char U+2193 (decimal 8595)
   defining Unicode char U+2329 (decimal 9001)
   defining Unicode char U+232A (decimal 9002)
   defining Unicode char U+2422 (decimal 9250)
   defining Unicode char U+25E6 (decimal 9702)
   defining Unicode char U+25EF (decimal 9711)
   defining Unicode char U+266A (decimal 9834)
   defining Unicode char U+FEFF (decimal 65279)
))) (d:/LateXiso/texlive/2019/texmf-dist/tex/latex/ms/everysel.sty
Package: everysel 2011/10/28 v1.2 EverySelectfont Package (MS)
)
\l__ctex_tmp_int=\count179
\l__ctex_tmp_box=\box45
\l__ctex_tmp_dim=\dimen135
\g__ctex_section_depth_int=\count180
\g__ctex_font_size_int=\count181
 (d:/LateXiso/texlive/2019/texmf-dist/tex/latex/ctex/config/ctexopts.cfg
File: ctexopts.cfg 2019/04/07 v2.4.15 Option configuration file (CTEX)
) (d:/LateXiso/texlive/2019/texmf-dist/tex/latex/ctex/engine/ctex-engine-pdftex.def
File: ctex-engine-pdftex.def 2019/04/07 v2.4.15 (pdf)LaTeX adapter (CTEX)
 (d:/LateXiso/texlive/2019/texmf-dist/tex/latex/cjk/texinput/CJKutf8.sty
Package: CJKutf8 2015/04/18 4.8.4
 (d:/LateXiso/texlive/2019/texmf-dist/tex/generic/oberdiek/ifpdf.sty
Package: ifpdf 2018/09/07 v3.3 Provides the ifpdf switch
) (d:/LateXiso/texlive/2019/texmf-dist/tex/latex/base/inputenc.sty
Package: inputenc 2018/08/11 v1.3c Input encoding file
\inpenc@prehook=\toks14
\inpenc@posthook=\toks15
) (d:/LateXiso/texlive/2019/texmf-dist/tex/latex/cjk/texinput/CJK.sty
Package: CJK 2015/04/18 4.8.4
 (d:/LateXiso/texlive/2019/texmf-dist/tex/latex/cjk/texinput/mule/MULEenc.sty
Package: MULEenc 2015/04/18 4.8.4
) (d:/LateXiso/texlive/2019/texmf-dist/tex/latex/cjk/texinput/CJK.enc
File: CJK.enc 2015/04/18 4.8.4
Now handling font encoding C00 ...
... no UTF-8 mapping file for font encoding C00
Now handling font encoding C05 ...
... no UTF-8 mapping file for font encoding C05
Now handling font encoding C09 ...
... no UTF-8 mapping file for font encoding C09
Now handling font encoding C10 ...
... no UTF-8 mapping file for font encoding C10
Now handling font encoding C20 ...
... no UTF-8 mapping file for font encoding C20
Now handling font encoding C19 ...
... no UTF-8 mapping file for font encoding C19
Now handling font encoding C40 ...
... no UTF-8 mapping file for font encoding C40
Now handling font encoding C42 ...
... no UTF-8 mapping file for font encoding C42
Now handling font encoding C43 ...
... no UTF-8 mapping file for font encoding C43
Now handling font encoding C50 ...
... no UTF-8 mapping file for font encoding C50
Now handling font encoding C52 ...
... no UTF-8 mapping file for font encoding C52
Now handling font encoding C49 ...
... no UTF-8 mapping file for font encoding C49
Now handling font encoding C60 ...
... no UTF-8 mapping file for font encoding C60
Now handling font encoding C61 ...
... no UTF-8 mapping file for font encoding C61
Now handling font encoding C63 ...
... no UTF-8 mapping file for font encoding C63
Now handling font encoding C64 ...
... no UTF-8 mapping file for font encoding C64
Now handling font encoding C65 ...
... no UTF-8 mapping file for font encoding C65
Now handling font encoding C70 ...
... no UTF-8 mapping file for font encoding C70
Now handling font encoding C31 ...
... no UTF-8 mapping file for font encoding C31
Now handling font encoding C32 ...
... no UTF-8 mapping file for font encoding C32
Now handling font encoding C33 ...
... no UTF-8 mapping file for font encoding C33
Now handling font encoding C34 ...
... no UTF-8 mapping file for font encoding C34
Now handling font encoding C35 ...
... no UTF-8 mapping file for font encoding C35
Now handling font encoding C36 ...
... no UTF-8 mapping file for font encoding C36
Now handling font encoding C37 ...
... no UTF-8 mapping file for font encoding C37
Now handling font encoding C80 ...
... no UTF-8 mapping file for font encoding C80
Now handling font encoding C81 ...
... no UTF-8 mapping file for font encoding C81
Now handling font encoding C01 ...
... no UTF-8 mapping file for font encoding C01
Now handling font encoding C11 ...
... no UTF-8 mapping file for font encoding C11
Now handling font encoding C21 ...
... no UTF-8 mapping file for font encoding C21
Now handling font encoding C41 ...
... no UTF-8 mapping file for font encoding C41
Now handling font encoding C62 ...
... no UTF-8 mapping file for font encoding C62
)
LaTeX Info: Redefining \selectfont on input line 755.
\CJK@indent=\box46
) (d:/LateXiso/texlive/2019/texmf-dist/tex/latex/base/fontenc.sty
Package: fontenc 2018/08/11 v2.0j Standard LaTeX package
)) (d:/LateXiso/texlive/2019/texmf-dist/tex/latex/cjkpunct/CJKpunct.sty
Package: CJKpunct 2016/05/14 4.8.4
\CJKpunct@cnta=\count182
\CJKpunct@cntb=\count183
\CJKpunct@cntc=\count184
\CJKpunct@cntd=\count185
\CJKpunct@cnte=\count186
   defining Unicode char U+2018 (decimal 8216)
   defining Unicode char U+2019 (decimal 8217)
   defining Unicode char U+201C (decimal 8220)
   defining Unicode char U+201D (decimal 8221)
   defining Unicode char U+2014 (decimal 8212)
   defining Unicode char U+2026 (decimal 8230)
 (d:/LateXiso/texlive/2019/texmf-dist/tex/latex/cjkpunct/CJKpunct.spa)) (d:/LateXiso/texlive/2019/texmf-dist/tex/latex/cjk/texinput/CJKspace.sty
Package: CJKspace 2015/04/18 3.8.0
) (d:/LateXiso/texlive/2019/texmf-dist/tex/latex/ctex/ctexspa.def
File: ctexspa.def 2019/04/07 v2.4.15 Space info for CJKpunct (CTEX)
) (d:/LateXiso/texlive/2019/texmf-dist/tex/latex/cjk/texinput/CJKfntef.sty
Package: CJKfntef 2015/04/18 4.8.4
 (d:/LateXiso/texlive/2019/texmf-dist/tex/latex/cjk/texinput/CJKulem.sty
Package: CJKulem 2015/04/18 4.8.4
 (d:/LateXiso/texlive/2019/texmf-dist/tex/generic/ulem/ulem.sty
\UL@box=\box47
\UL@hyphenbox=\box48
\UL@skip=\skip49
\UL@hook=\toks16
\UL@height=\dimen136
\UL@pe=\count187
\UL@pixel=\dimen137
\ULC@box=\box49
Package: ulem 2012/05/18
\ULdepth=\dimen138
)
\UL@lastkern=\dimen139
\CJK@skip=\skip50
)
\CJK@fntefSkip=\skip51
\CJK@nest=\count188
\CJK@fntefDimen=\dimen140
\CJK@underdotBox=\box50
\CJK@ULbox=\box51
\CJK@underanyskip=\dimen141
)
\ccwd=\dimen142
\l__ctex_ccglue_skip=\skip52
)
\l__ctex_ziju_dim=\dimen143
 (d:/LateXiso/texlive/2019/texmf-dist/tex/latex/zhnumber/zhnumber.sty
Package: zhnumber 2019/04/07 v2.7 Typesetting numbers with Chinese glyphs
\l__zhnum_scale_int=\count189
\l__zhnum_byte_min_int=\count190
\l__zhnum_byte_max_int=\count191
 (d:/LateXiso/texlive/2019/texmf-dist/tex/latex/zhnumber/zhnumber-utf8.cfg
File: zhnumber-utf8.cfg 2019/04/07 v2.7 Chinese numerals with UTF8 encoding
)) (d:/LateXiso/texlive/2019/texmf-dist/tex/latex/ctex/scheme/ctex-scheme-chinese.def
File: ctex-scheme-chinese.def 2019/04/07 v2.4.15 Chinese scheme for generic (CTEX)
 (d:/LateXiso/texlive/2019/texmf-dist/tex/latex/ctex/config/ctex-name-utf8.cfg
File: ctex-name-utf8.cfg 2019/04/07 v2.4.15 Caption with encoding UTF8 (CTEX)
)) (d:/LateXiso/texlive/2019/texmf-dist/tex/latex/tools/indentfirst.sty
Package: indentfirst 1995/11/23 v1.03 Indent first paragraph (DPC)
) (d:/LateXiso/texlive/2019/texmf-dist/tex/latex/ctex/fontset/ctex-fontset-windows.def
File: ctex-fontset-windows.def 2019/04/07 v2.4.15 Windows fonts definition (CTEX)
 (d:/LateXiso/texlive/2019/texmf-dist/tex/latex/ctex/fontset/ctex-fontset-windowsnew.def
File: ctex-fontset-windowsnew.def 2019/04/07 v2.4.15 Windows fonts definition for Vista or later version (CTEX)
 (d:/LateXiso/texlive/2019/texmf-dist/tex/generic/ctex/zhwindowsfonts.tex
File: zhwindowsfonts.tex 2019/04/07 v2.4.15 Windows font map loader for pdfTeX and DVIPDFMx (CTEX)
{d:/LateXiso/texlive/2019/texmf-var/fonts/map/pdftex/updmap/pdftex.map}{UGBK.sfd}{Unicode.sfd})))) (d:/LateXiso/texlive/2019/texmf-dist/tex/latex/ctex/config/ctex.cfg
File: ctex.cfg 2019/04/07 v2.4.15 Configuration file (CTEX)
) (d:/LateXiso/texlive/2019/texmf-dist/tex/latex/graphics/graphicx.sty
Package: graphicx 2017/06/01 v1.1a Enhanced LaTeX Graphics (DPC,SPQR)
 (d:/LateXiso/texlive/2019/texmf-dist/tex/latex/graphics/keyval.sty
Package: keyval 2014/10/28 v1.15 key=value parser (DPC)
\KV@toks@=\toks17
) (d:/LateXiso/texlive/2019/texmf-dist/tex/latex/graphics/graphics.sty
Package: graphics 2017/06/25 v1.2c Standard LaTeX Graphics (DPC,SPQR)
 (d:/LateXiso/texlive/2019/texmf-dist/tex/latex/graphics/trig.sty
Package: trig 2016/01/03 v1.10 sin cos tan (DPC)
) (d:/LateXiso/texlive/2019/texmf-dist/tex/latex/graphics-cfg/graphics.cfg
File: graphics.cfg 2016/06/04 v1.11 sample graphics configuration
)
Package graphics Info: Driver file: pdftex.def on input line 99.
 (d:/LateXiso/texlive/2019/texmf-dist/tex/latex/graphics-def/pdftex.def
File: pdftex.def 2018/01/08 v1.0l Graphics/color driver for pdftex
))
\Gin@req@height=\dimen144
\Gin@req@width=\dimen145
) (d:/LateXiso/texlive/2019/texmf-dist/tex/latex/listings/listings.sty
\lst@mode=\count192
\lst@gtempboxa=\box52
\lst@token=\toks18
\lst@length=\count193
\lst@currlwidth=\dimen146
\lst@column=\count194
\lst@pos=\count195
\lst@lostspace=\dimen147
\lst@width=\dimen148
\lst@newlines=\count196
\lst@lineno=\count197
\lst@maxwidth=\dimen149
 (d:/LateXiso/texlive/2019/texmf-dist/tex/latex/listings/lstmisc.sty
File: lstmisc.sty 2019/02/27 1.8b (Carsten Heinz)
\c@lstnumber=\count198
\lst@skipnumbers=\count199
\lst@framebox=\box53
) (d:/LateXiso/texlive/2019/texmf-dist/tex/latex/listings/listings.cfg
File: listings.cfg 2019/02/27 1.8b listings configuration
))
Package: listings 2019/02/27 1.8b (Carsten Heinz)
 (d:/LateXiso/texlive/2019/texmf-dist/tex/latex/xcolor/xcolor.sty
Package: xcolor 2016/05/11 v2.12 LaTeX color extensions (UK)
 (d:/LateXiso/texlive/2019/texmf-dist/tex/latex/graphics-cfg/color.cfg
File: color.cfg 2016/01/02 v1.6 sample color configuration
)
Package xcolor Info: Package option `usenames' ignored on input line 216.
Package xcolor Info: Driver file: pdftex.def on input line 225.
Package xcolor Info: Model `cmy' substituted by `cmy0' on input line 1348.
Package xcolor Info: Model `hsb' substituted by `rgb' on input line 1352.
Package xcolor Info: Model `RGB' extended on input line 1364.
Package xcolor Info: Model `HTML' substituted by `rgb' on input line 1366.
Package xcolor Info: Model `Hsb' substituted by `hsb' on input line 1367.
Package xcolor Info: Model `tHsb' substituted by `hsb' on input line 1368.
Package xcolor Info: Model `HSB' substituted by `hsb' on input line 1369.
Package xcolor Info: Model `Gray' substituted by `gray' on input line 1370.
Package xcolor Info: Model `wave' substituted by `hsb' on input line 1371.
 (d:/LateXiso/texlive/2019/texmf-dist/tex/latex/graphics/dvipsnam.def
File: dvipsnam.def 2016/06/17 v3.0m Driver-dependent file (DPC,SPQR)
)) (d:/LateXiso/texlive/2019/texmf-dist/tex/latex/float/float.sty
Package: float 2001/11/08 v1.3d Float enhancements (AL)
\c@float@type=\count266
\float@exts=\toks19
\float@box=\box54
\@float@everytoks=\toks20
\@floatcapt=\box55
) (d:/LateXiso/texlive/2019/texmf-dist/tex/latex/booktabs/booktabs.sty
Package: booktabs 2016/04/27 v1.618033 publication quality tables
\heavyrulewidth=\dimen150
\lightrulewidth=\dimen151
\cmidrulewidth=\dimen152
\belowrulesep=\dimen153
\belowbottomsep=\dimen154
\aboverulesep=\dimen155
\abovetopsep=\dimen156
\cmidrulesep=\dimen157
\cmidrulekern=\dimen158
\defaultaddspace=\dimen159
\@cmidla=\count267
\@cmidlb=\count268
\@aboverulesep=\dimen160
\@belowrulesep=\dimen161
\@thisruleclass=\count269
\@lastruleclass=\count270
\@thisrulewidth=\dimen162
) (d:/LateXiso/texlive/2019/texmf-dist/tex/latex/oberdiek/pdflscape.sty
Package: pdflscape 2016/05/14 v0.11 Display of landscape pages in PDF (HO)
 (d:/LateXiso/texlive/2019/texmf-dist/tex/latex/graphics/lscape.sty
Package: lscape 2000/10/22 v3.01 Landscape Pages (DPC)
)
Package pdflscape Info: Auto-detected driver: pdftex on input line 81.
 (d:/LateXiso/texlive/2019/texmf-dist/tex/generic/ifxetex/ifxetex.sty
Package: ifxetex 2010/09/12 v0.6 Provides ifxetex conditional
)) (d:/LateXiso/texlive/2019/texmf-dist/tex/latex/hyperref/hyperref.sty
Package: hyperref 2018/11/30 v6.88e Hypertext links for LaTeX
 (d:/LateXiso/texlive/2019/texmf-dist/tex/generic/oberdiek/hobsub-hyperref.sty
Package: hobsub-hyperref 2016/05/16 v1.14 Bundle oberdiek, subset hyperref (HO)
 (d:/LateXiso/texlive/2019/texmf-dist/tex/generic/oberdiek/hobsub-generic.sty
Package: hobsub-generic 2016/05/16 v1.14 Bundle oberdiek, subset generic (HO)
Package: hobsub 2016/05/16 v1.14 Construct package bundles (HO)
Package: infwarerr 2016/05/16 v1.4 Providing info/warning/error messages (HO)
Package: ltxcmds 2016/05/16 v1.23 LaTeX kernel commands for general use (HO)
Package: ifluatex 2016/05/16 v1.4 Provides the ifluatex switch (HO)
Package ifluatex Info: LuaTeX not detected.
Package: ifvtex 2016/05/16 v1.6 Detect VTeX and its facilities (HO)
Package ifvtex Info: VTeX not detected.
Package: intcalc 2016/05/16 v1.2 Expandable calculations with integers (HO)
Package hobsub Info: Skipping package `ifpdf' (already loaded).
Package: etexcmds 2016/05/16 v1.6 Avoid name clashes with e-TeX commands (HO)
Package: kvsetkeys 2016/05/16 v1.17 Key value parser (HO)
Package: kvdefinekeys 2016/05/16 v1.4 Define keys (HO)
Package: pdftexcmds 2018/09/10 v0.29 Utility functions of pdfTeX for LuaTeX (HO)
Package pdftexcmds Info: LuaTeX not detected.
Package pdftexcmds Info: \pdf@primitive is available.
Package pdftexcmds Info: \pdf@ifprimitive is available.
Package pdftexcmds Info: \pdfdraftmode found.
Package: pdfescape 2016/05/16 v1.14 Implements pdfTeX's escape features (HO)
Package: bigintcalc 2016/05/16 v1.4 Expandable calculations on big integers (HO)
Package: bitset 2016/05/16 v1.2 Handle bit-vector datatype (HO)
Package: uniquecounter 2016/05/16 v1.3 Provide unlimited unique counter (HO)
)
Package hobsub Info: Skipping package `hobsub' (already loaded).
Package: letltxmacro 2016/05/16 v1.5 Let assignment for LaTeX macros (HO)
Package: hopatch 2016/05/16 v1.3 Wrapper for package hooks (HO)
Package: xcolor-patch 2016/05/16 xcolor patch
Package: atveryend 2016/05/16 v1.9 Hooks at the very end of document (HO)
Package atveryend Info: \enddocument detected (standard20110627).
Package: atbegshi 2016/06/09 v1.18 At begin shipout hook (HO)
Package: refcount 2016/05/16 v3.5 Data extraction from label references (HO)
Package: hycolor 2016/05/16 v1.8 Color options for hyperref/bookmark (HO)
) (d:/LateXiso/texlive/2019/texmf-dist/tex/latex/oberdiek/auxhook.sty
Package: auxhook 2016/05/16 v1.4 Hooks for auxiliary files (HO)
) (d:/LateXiso/texlive/2019/texmf-dist/tex/latex/oberdiek/kvoptions.sty
Package: kvoptions 2016/05/16 v3.12 Key value format for package options (HO)
)
\@linkdim=\dimen163
\Hy@linkcounter=\count271
\Hy@pagecounter=\count272
 (d:/LateXiso/texlive/2019/texmf-dist/tex/latex/hyperref/pd1enc.def
File: pd1enc.def 2018/11/30 v6.88e Hyperref: PDFDocEncoding definition (HO)
Now handling font encoding PD1 ...
... no UTF-8 mapping file for font encoding PD1
)
\Hy@SavedSpaceFactor=\count273
 (d:/LateXiso/texlive/2019/texmf-dist/tex/latex/latexconfig/hyperref.cfg
File: hyperref.cfg 2002/06/06 v1.2 hyperref configuration of TeXLive
)
Package hyperref Info: Option `unicode' set `true' on input line 4393.
 (d:/LateXiso/texlive/2019/texmf-dist/tex/latex/hyperref/puenc.def
File: puenc.def 2018/11/30 v6.88e Hyperref: PDF Unicode definition (HO)
Now handling font encoding PU ...
... no UTF-8 mapping file for font encoding PU
)
Package hyperref Info: Hyper figures OFF on input line 4519.
Package hyperref Info: Link nesting OFF on input line 4524.
Package hyperref Info: Hyper index ON on input line 4527.
Package hyperref Info: Plain pages OFF on input line 4534.
Package hyperref Info: Backreferencing OFF on input line 4539.
Package hyperref Info: Implicit mode ON; LaTeX internals redefined.
Package hyperref Info: Bookmarks ON on input line 4772.
\c@Hy@tempcnt=\count274
 (d:/LateXiso/texlive/2019/texmf-dist/tex/latex/url/url.sty
\Urlmuskip=\muskip16
Package: url 2013/09/16  ver 3.4  Verb mode for urls, etc.
)
LaTeX Info: Redefining \url on input line 5125.
\XeTeXLinkMargin=\dimen164
\Fld@menulength=\count275
\Field@Width=\dimen165
\Fld@charsize=\dimen166
Package hyperref Info: Hyper figures OFF on input line 6380.
Package hyperref Info: Link nesting OFF on input line 6385.
Package hyperref Info: Hyper index ON on input line 6388.
Package hyperref Info: backreferencing OFF on input line 6395.
Package hyperref Info: Link coloring OFF on input line 6400.
Package hyperref Info: Link coloring with OCG OFF on input line 6405.
Package hyperref Info: PDF/A mode OFF on input line 6410.
LaTeX Info: Redefining \ref on input line 6450.
LaTeX Info: Redefining \pageref on input line 6454.
\Hy@abspage=\count276
\c@Item=\count277
\c@Hfootnote=\count278
)
Package hyperref Info: Driver (autodetected): hpdftex.
 (d:/LateXiso/texlive/2019/texmf-dist/tex/latex/hyperref/hpdftex.def
File: hpdftex.def 2018/11/30 v6.88e Hyperref driver for pdfTeX
\Fld@listcount=\count279
\c@bookmark@seq@number=\count280
 (d:/LateXiso/texlive/2019/texmf-dist/tex/latex/oberdiek/rerunfilecheck.sty
Package: rerunfilecheck 2016/05/16 v1.8 Rerun checks for auxiliary files (HO)
Package uniquecounter Info: New unique counter `rerunfilecheck' on input line 282.
)
\Hy@SectionHShift=\skip53
) (d:/LateXiso/texlive/2019/texmf-dist/tex/latex/listings/lstlang1.sty
File: lstlang1.sty 2019/02/27 1.8b listings language file
) (d:/LateXiso/texlive/2019/texmf-dist/tex/latex/listings/lstlang1.sty
File: lstlang1.sty 2019/02/27 1.8b listings language file
) (d:/LateXiso/texlive/2019/texmf-dist/tex/latex/listings/lstmisc.sty
File: lstmisc.sty 2019/02/27 1.8b (Carsten Heinz)
) (d:/LateXiso/texlive/2019/texmf-dist/tex/latex/cjk/texinput/UTF8/UTF8.bdg
File: UTF8.bdg 2015/04/18 4.8.4
) (d:/LateXiso/texlive/2019/texmf-dist/tex/latex/cjk/texinput/UTF8/UTF8.enc
File: UTF8.enc 2015/04/18 4.8.4
) (d:/LateXiso/texlive/2019/texmf-dist/tex/latex/cjk/texinput/UTF8/UTF8.chr
File: UTF8.chr 2015/04/18 4.8.4
) (c:/Users/hp/Desktop/pvzDesign3/PVZThree.aux)
\openout1 = `PVZThree.aux'.

LaTeX Font Info:    Checking defaults for OML/cmm/m/it on input line 96.
LaTeX Font Info:    ... okay on input line 96.
LaTeX Font Info:    Checking defaults for T1/cmr/m/n on input line 96.
LaTeX Font Info:    ... okay on input line 96.
LaTeX Font Info:    Checking defaults for OT1/cmr/m/n on input line 96.
LaTeX Font Info:    ... okay on input line 96.
LaTeX Font Info:    Checking defaults for OMS/cmsy/m/n on input line 96.
LaTeX Font Info:    ... okay on input line 96.
LaTeX Font Info:    Checking defaults for OMX/cmex/m/n on input line 96.
LaTeX Font Info:    ... okay on input line 96.
LaTeX Font Info:    Checking defaults for U/cmr/m/n on input line 96.
LaTeX Font Info:    ... okay on input line 96.
LaTeX Font Info:    Checking defaults for TS1/cmr/m/n on input line 96.
LaTeX Font Info:    ... okay on input line 96.
LaTeX Font Info:    Checking defaults for C00/song/m/n on input line 96.
LaTeX Font Info:    ... okay on input line 96.
LaTeX Font Info:    Checking defaults for C05/song/m/n on input line 96.
LaTeX Font Info:    ... okay on input line 96.
LaTeX Font Info:    Checking defaults for C09/song/m/n on input line 96.
LaTeX Font Info:    ... okay on input line 96.
LaTeX Font Info:    Checking defaults for C10/song/m/n on input line 96.
LaTeX Font Info:    ... okay on input line 96.
LaTeX Font Info:    Checking defaults for C20/song/m/n on input line 96.
LaTeX Font Info:    ... okay on input line 96.
LaTeX Font Info:    Checking defaults for C19/song/m/n on input line 96.
LaTeX Font Info:    ... okay on input line 96.
LaTeX Font Info:    Checking defaults for C40/song/m/n on input line 96.
LaTeX Font Info:    ... okay on input line 96.
LaTeX Font Info:    Checking defaults for C42/song/m/n on input line 96.
LaTeX Font Info:    ... okay on input line 96.
LaTeX Font Info:    Checking defaults for C43/song/m/n on input line 96.
LaTeX Font Info:    ... okay on input line 96.
LaTeX Font Info:    Checking defaults for C50/song/m/n on input line 96.
LaTeX Font Info:    ... okay on input line 96.
LaTeX Font Info:    Checking defaults for C52/song/m/n on input line 96.
LaTeX Font Info:    ... okay on input line 96.
LaTeX Font Info:    Checking defaults for C49/song/m/n on input line 96.
LaTeX Font Info:    ... okay on input line 96.
LaTeX Font Info:    Checking defaults for C60/mj/m/n on input line 96.
LaTeX Font Info:    ... okay on input line 96.
LaTeX Font Info:    Checking defaults for C61/mj/m/n on input line 96.
LaTeX Font Info:    ... okay on input line 96.
LaTeX Font Info:    Checking defaults for C63/mj/m/n on input line 96.
LaTeX Font Info:    ... okay on input line 96.
LaTeX Font Info:    Checking defaults for C64/mj/m/n on input line 96.
LaTeX Font Info:    ... okay on input line 96.
LaTeX Font Info:    Checking defaults for C65/mj/m/n on input line 96.
LaTeX Font Info:    ... okay on input line 96.
LaTeX Font Info:    Checking defaults for C70/song/m/n on input line 96.
LaTeX Font Info:    ... okay on input line 96.
LaTeX Font Info:    Checking defaults for C31/song/m/n on input line 96.
LaTeX Font Info:    ... okay on input line 96.
LaTeX Font Info:    Checking defaults for C32/song/m/n on input line 96.
LaTeX Font Info:    ... okay on input line 96.
LaTeX Font Info:    Checking defaults for C33/song/m/n on input line 96.
LaTeX Font Info:    ... okay on input line 96.
LaTeX Font Info:    Checking defaults for C34/song/m/n on input line 96.
LaTeX Font Info:    ... okay on input line 96.
LaTeX Font Info:    Checking defaults for C35/song/m/n on input line 96.
LaTeX Font Info:    ... okay on input line 96.
LaTeX Font Info:    Checking defaults for C36/song/m/n on input line 96.
LaTeX Font Info:    ... okay on input line 96.
LaTeX Font Info:    Checking defaults for C37/song/m/n on input line 96.
LaTeX Font Info:    ... okay on input line 96.
LaTeX Font Info:    Checking defaults for C80/song/m/n on input line 96.
LaTeX Font Info:    ... okay on input line 96.
LaTeX Font Info:    Checking defaults for C81/song/m/n on input line 96.
LaTeX Font Info:    ... okay on input line 96.
LaTeX Font Info:    Checking defaults for C01/song/m/n on input line 96.
LaTeX Font Info:    ... okay on input line 96.
LaTeX Font Info:    Checking defaults for C11/song/m/n on input line 96.
LaTeX Font Info:    ... okay on input line 96.
LaTeX Font Info:    Checking defaults for C21/song/m/n on input line 96.
LaTeX Font Info:    ... okay on input line 96.
LaTeX Font Info:    Checking defaults for C41/song/m/n on input line 96.
LaTeX Font Info:    ... okay on input line 96.
LaTeX Font Info:    Checking defaults for C62/song/m/n on input line 96.
LaTeX Font Info:    ... okay on input line 96.
LaTeX Font Info:    Checking defaults for PD1/pdf/m/n on input line 96.
LaTeX Font Info:    ... okay on input line 96.
LaTeX Font Info:    Checking defaults for PU/pdf/m/n on input line 96.
LaTeX Font Info:    ... okay on input line 96.
 ABD: EverySelectfont initializing macros
LaTeX Info: Redefining \selectfont on input line 96.
 (d:/LateXiso/texlive/2019/texmf-dist/tex/context/base/mkii/supp-pdf.mkii
[Loading MPS to PDF converter (version 2006.09.02).]
\scratchcounter=\count281
\scratchdimen=\dimen167
\scratchbox=\box56
\nofMPsegments=\count282
\nofMParguments=\count283
\everyMPshowfont=\toks21
\MPscratchCnt=\count284
\MPscratchDim=\dimen168
\MPnumerator=\count285
\makeMPintoPDFobject=\count286
\everyMPtoPDFconversion=\toks22
) (d:/LateXiso/texlive/2019/texmf-dist/tex/latex/oberdiek/epstopdf-base.sty
Package: epstopdf-base 2016/05/15 v2.6 Base part for package epstopdf
 (d:/LateXiso/texlive/2019/texmf-dist/tex/latex/oberdiek/grfext.sty
Package: grfext 2016/05/16 v1.2 Manage graphics extensions (HO)
)
Package epstopdf-base Info: Redefining graphics rule for `.eps' on input line 438.
Package grfext Info: Graphics extension search list:
(grfext)             [.pdf,.png,.jpg,.mps,.jpeg,.jbig2,.jb2,.PDF,.PNG,.JPG,.JPEG,.JBIG2,.JB2,.eps]
(grfext)             \AppendGraphicsExtensions on input line 456.
 (d:/LateXiso/texlive/2019/texmf-dist/tex/latex/latexconfig/epstopdf-sys.cfg
File: epstopdf-sys.cfg 2010/07/13 v1.3 Configuration of (r)epstopdf for TeX Live
))
\c@lstlisting=\count287
\AtBeginShipoutBox=\box57
Package hyperref Info: Link coloring OFF on input line 96.
 (d:/LateXiso/texlive/2019/texmf-dist/tex/latex/hyperref/nameref.sty
Package: nameref 2016/05/21 v2.44 Cross-referencing by name of section
 (d:/LateXiso/texlive/2019/texmf-dist/tex/generic/oberdiek/gettitlestring.sty
Package: gettitlestring 2016/05/16 v1.5 Cleanup title references (HO)
)
\c@section@level=\count288
)
LaTeX Info: Redefining \ref on input line 96.
LaTeX Info: Redefining \pageref on input line 96.
LaTeX Info: Redefining \nameref on input line 96.
 (c:/Users/hp/Desktop/pvzDesign3/PVZThree.out) (c:/Users/hp/Desktop/pvzDesign3/PVZThree.out)
\@outlinefile=\write3
\openout3 = `PVZThree.out'.

<figure/picture.png, id=196, 301.125pt x 377.41pt>
File: figure/picture.png Graphic file (type png)
<use figure/picture.png>
Package pdftex.def Info: figure/picture.png  used on input line 100.
(pdftex.def)             Requested size: 114.89275pt x 144.0pt.
LaTeX Font Info:    Try loading font information for C70+zhhei on input line 101.
 (d:/LateXiso/texlive/2019/texmf-dist/tex/latex/zhmetrics/c70zhhei.fd
File: c70zhhei.fd 2009/09/23 4.8.2
)
LaTeX Font Info:    External font `cmex10' loaded for size
(Font)              <20.74> on input line 102.
LaTeX Font Info:    External font `cmex10' loaded for size
(Font)              <14.4> on input line 102.
LaTeX Font Info:    External font `cmex10' loaded for size
(Font)              <12> on input line 102.
LaTeX Font Info:    Try loading font information for C70+rm on input line 102.
 (d:/LateXiso/texlive/2019/texmf-dist/tex/latex/ctex/fd/c70rm.fd
File: c70rm.fd 2019/04/07 v2.4.15 Chinese font definition (CTEX)
)
LaTeX Font Info:    External font `cmex10' loaded for size
(Font)              <7> on input line 104.
 (d:/LateXiso/texlive/2019/texmf-dist/tex/generic/ctex/zhwindowsfonts.tex
File: zhwindowsfonts.tex 2019/04/07 v2.4.15 Windows font map loader for pdfTeX and DVIPDFMx (CTEX)
) [1

 <c:/Users/hp/Desktop/pvzDesign3/figure/picture.png>] (c:/Users/hp/Desktop/pvzDesign3/PVZThree.toc
LaTeX Font Info:    External font `cmex10' loaded for size
(Font)              <8> on input line 2.
LaTeX Font Info:    External font `cmex10' loaded for size
(Font)              <6> on input line 2.
Package CJKpunct Info: use punctuation spaces for family 'rm' with punctstyle (quanjiao) on input line 16.
pdfTeX warning (ext4): destination with the same identifier (name{page.1}) has been already used, duplicate ignored
<to be read again> 
                   \relax 
l.28 ...e {6.3.3}landÁ±ª}{15}{subsubsection.6.3.3}
                                                  % [1])
\tf@toc=\write4
\openout4 = `PVZThree.toc'.

 [2] [3] [4]
<figure/UMI.png, id=467, 1824.8175pt x 676.5275pt>
File: figure/UMI.png Graphic file (type png)
<use figure/UMI.png>
Package pdftex.def Info: figure/UMI.png  used on input line 187.
(pdftex.def)             Requested size: 350.99762pt x 130.12097pt.
 [5]
Overfull \hbox (10.57521pt too wide) in paragraph at lines 190--196
\OT1/cmr/m/n/12 GraphicsView\C70/rm/m/n/12/68 F \C70/rm/m/n/12/67 ∂ \C70/rm/m/n/12/7e ” \C70/rm/m/n/12/67 Ñ \C70/rm/m/n/12/4e ; \C70/rm/m/n/12/89 Å \C70/rm/m/n/12/53 ^^E \C70/rm/m/n/12/54 + \C70/rm/m/n/12/4e 	 * ; \C70/rm/m/n/12/89 Å \C70/rm/m/n/12/76 Ñ \C70/rm/m/n/12/7c {\OT1/cmr/m/n/12 QGraphicsScene |\C70/rm/m/n/12/ff ^^H|\C70/rm/m/n/12/57 : \C70/rm/m/n/12/66 o|\C70/rm/m/n/12/ff 	||\C70/rm/m/n/12/30 ^^A|
 []


Overfull \hbox (29.73343pt too wide) in paragraph at lines 190--196
\C70/rm/m/n/12/8e ´ \C70/rm/m/n/12/4e ^^M \C70/rm/m/n/12/53 Ô \C70/rm/m/n/12/89 ¡|\C70/rm/m/n/12/ff ^^L| \C70/rm/m/n/12/66 / \C70/rm/m/n/12/4e ^^@ * \C70/rm/m/n/12/5b X \C70/rm/m/n/12/50 ® \C70/rm/m/n/12/56 ˛ \C70/rm/m/n/12/51 C \C70/rm/m/n/12/76 Ñ \C70/rm/m/n/12/5b π \C70/rm/m/n/12/56 h|\C70/rm/m/n/12/ff ^^L| \C70/rm/m/n/12/5f ≈ \C70/rm/m/n/12/98 { \C70/rm/m/n/12/90 ^^Z \C70/rm/m/n/12/8f « \C70/rm/m/n/12/4e ^^N K \C70/rm/m/n/12/76 ¯ \C70/rm/m/n/12/8f ﬁ \C70/rm/m/n/12/76 Ñ\OT1/cmr/m/n/12 QGraphicsView\C70/rm/m/n/12/89 ∆
 []


Overfull \hbox (82.13387pt too wide) in paragraph at lines 190--196
\C70/rm/m/n/12/4e Ü \C70/rm/m/n/12/5e 8 \C70/rm/m/n/12/75 ( \C70/rm/m/n/12/56 ˛ \C70/rm/m/n/12/5f b \C70/rm/m/n/12/56 ˛ \C70/rm/m/n/12/51 C \C70/rm/m/n/12/76 Ñ \C70/rm/m/n/12/68 ^^G \C70/rm/m/n/12/51 ∆ \C70/rm/m/n/12/7c {|\C70/rm/m/n/12/ff ^^L| \C70/rm/m/n/12/59 Ç \C70/rm/m/n/12/77 È \C70/rm/m/n/12/5f b\OT1/cmr/m/n/12 (QGraphicsRectItem)|\C70/rm/m/n/12/30 ^^A| \C70/rm/m/n/12/65 á \C70/rm/m/n/12/67 ,\OT1/cmr/m/n/12 (QGraphicsTextItem)|\C70/rm/m/n/12/30 ^^B|
 []


Underfull \hbox (badness 10000) in paragraph at lines 190--196

 []


Underfull \hbox (badness 10000) in paragraph at lines 190--196

 []


Underfull \hbox (badness 10000) in paragraph at lines 197--198

 []


Underfull \hbox (badness 10000) in paragraph at lines 199--200

 []

[6 <c:/Users/hp/Desktop/pvzDesign3/figure/UMI.png>]
<figure/zombie.png, id=494, 1255.69125pt x 472.76625pt>
File: figure/zombie.png Graphic file (type png)
<use figure/zombie.png>
Package pdftex.def Info: figure/zombie.png  used on input line 210.
(pdftex.def)             Requested size: 272.99881pt x 102.78255pt.
<figure/norZom.png, id=495, 524.96124pt x 196.735pt>
File: figure/norZom.png Graphic file (type png)
<use figure/norZom.png>
Package pdftex.def Info: figure/norZom.png  used on input line 222.
(pdftex.def)             Requested size: 234.00238pt x 87.69537pt.
 [7 <c:/Users/hp/Desktop/pvzDesign3/figure/zombie.png>]
<figure/paperZom1.png, id=504, 738.76pt x 628.3475pt>
File: figure/paperZom1.png Graphic file (type png)
<use figure/paperZom1.png>
Package pdftex.def Info: figure/paperZom1.png  used on input line 231.
(pdftex.def)             Requested size: 234.00238pt x 199.02351pt.
<figure/rodZom.png, id=505, 408.52625pt x 192.72pt>
File: figure/rodZom.png Graphic file (type png)
<use figure/rodZom.png>
Package pdftex.def Info: figure/rodZom.png  used on input line 238.
(pdftex.def)             Requested size: 234.00238pt x 110.38966pt.
 [8 <c:/Users/hp/Desktop/pvzDesign3/figure/norZom.png> <c:/Users/hp/Desktop/pvzDesign3/figure/paperZom1.png>]
<figure/stoneZom.png, id=515, 416.55624pt x 190.7125pt>
File: figure/stoneZom.png Graphic file (type png)
<use figure/stoneZom.png>
Package pdftex.def Info: figure/stoneZom.png  used on input line 247.
(pdftex.def)             Requested size: 234.00238pt x 107.13292pt.
 [9 <c:/Users/hp/Desktop/pvzDesign3/figure/rodZom.png> <c:/Users/hp/Desktop/pvzDesign3/figure/stoneZom.png>]
<figure/jokerZom.png, id=528, 1129.21875pt x 191.71625pt>
File: figure/jokerZom.png Graphic file (type png)
<use figure/jokerZom.png>
Package pdftex.def Info: figure/jokerZom.png  used on input line 262.
(pdftex.def)             Requested size: 234.00238pt x 39.72626pt.
 [10 <c:/Users/hp/Desktop/pvzDesign3/figure/jokerZom.png>]
<figure/plant.png, id=541, 1038.88126pt x 462.72874pt>
File: figure/plant.png Graphic file (type png)
<use figure/plant.png>
Package pdftex.def Info: figure/plant.png  used on input line 276.
(pdftex.def)             Requested size: 253.49762pt x 112.90706pt.
<figure/peaShooter.png, id=542, 1028.84375pt x 175.65625pt>
File: figure/peaShooter.png Graphic file (type png)
<use figure/peaShooter.png>
Package pdftex.def Info: figure/peaShooter.png  used on input line 284.
(pdftex.def)             Requested size: 234.00238pt x 39.94978pt.
<figure/potato.png, id=543, 1006.76125pt x 204.765pt>
File: figure/potato.png Graphic file (type png)
<use figure/potato.png>
Package pdftex.def Info: figure/potato.png  used on input line 291.
(pdftex.def)             Requested size: 234.00238pt x 47.59174pt.
 [11 <c:/Users/hp/Desktop/pvzDesign3/figure/plant.png> <c:/Users/hp/Desktop/pvzDesign3/figure/peaShooter.png>]
Overfull \hbox (18.04594pt too wide) in paragraph at lines 294--297
[]\C70/rm/m/n/12/4f ù \C70/rm/m/n/12/65 Á \C70/rm/m/n/12/97 ^^@ \C70/rm/m/n/12/89 Å \C70/rm/m/n/12/91 Õ \C70/rm/m/n/12/51 ô\OT1/cmr/m/n/12 advance\C70/rm/m/n/12/54 å\OT1/cmr/m/n/12 collidesWithItem\C70/rm/m/n/12/51 ˝ \C70/rm/m/n/12/65 p|\C70/rm/m/n/12/ff ^^L| \C70/rm/m/n/12/6b d \C70/rm/m/n/12/59 ^^V \C70/rm/m/n/12/8f ÿ \C70/rm/m/n/12/53 ^^E \C70/rm/m/n/12/62 Ï\OT1/cmr/m/n/12 boundingRect|\C70/rm/m/n/12/ff ^^L|
 []


Overfull \hbox (25.39268pt too wide) in paragraph at lines 298--299
[]\C70/rm/m/n/12/51 v \C70/rm/m/n/12/62 ^^P \C70/rm/m/n/12/54 X \C70/rm/m/n/12/51 ˝ \C70/rm/m/n/12/65 p \C70/rm/m/n/12/54 å\OT1/cmr/m/n/12 peaShooter\C70/rm/m/n/12/76 ¯ \C70/rm/m/n/12/54 ^^L|\C70/rm/m/n/12/ff ^^L| \C70/rm/m/n/12/4e ^^T\OT1/cmr/m/n/12 advance\C70/rm/m/n/12/90 ; \C70/rm/m/n/12/8f ë \C70/rm/m/n/12/4e _ \C70/rm/m/n/12/76 ¯ \C70/rm/m/n/12/54 ^^L|\C70/rm/m/n/12/ff ^^L| \C70/rm/m/n/12/53 Í \C70/rm/m/n/12/66 / \C70/rm/m/n/12/62 ä\OT1/cmr/m/n/12 peashooter\C70/rm/m/n/12/76 Ñ
 []


Overfull \hbox (7.90154pt too wide) in paragraph at lines 302--303
[]\C70/rm/m/n/12/51 v \C70/rm/m/n/12/5b û \C70/rm/m/n/12/73 ∞ \C70/rm/m/n/12/4e ^^N\OT1/cmr/m/n/12 peashooter\C70/rm/m/n/12/4e ^^@ \C70/rm/m/n/12/6a ! \C70/rm/m/n/12/4e ^^@ \C70/rm/m/n/12/68 7|\C70/rm/m/n/12/ff ^^L| \C70/rm/m/n/12/53 Í \C70/rm/m/n/12/66 / \C70/rm/m/n/12/75 ^^_ \C70/rm/m/n/12/62 ^^P \C70/rm/m/n/12/76 Ñ \C70/rm/m/n/12/5b P \C70/rm/m/n/12/5f 9 \C70/rm/m/n/12/90 ^^_ \C70/rm/m/n/12/5e ¶ \C70/rm/m/n/12/8b æ \C70/rm/m/n/12/7f n \C70/rm/m/n/12/4e :\OT1/cmr/m/n/12 peashooter\C70/rm/m/n/12/76 Ñ
 []

[12 <c:/Users/hp/Desktop/pvzDesign3/figure/potato.png>]
<figure/item.png, id=559, 868.24374pt x 190.7125pt>
File: figure/item.png Graphic file (type png)
<use figure/item.png>
Package pdftex.def Info: figure/item.png  used on input line 311.
(pdftex.def)             Requested size: 272.99881pt x 59.96416pt.
<figure/car.png, id=560, 1037.8775pt x 258.9675pt>
File: figure/car.png Graphic file (type png)
<use figure/car.png>
Package pdftex.def Info: figure/car.png  used on input line 317.
(pdftex.def)             Requested size: 272.99881pt x 68.1163pt.
<figure/carAdvance.png, id=561, 666.49pt x 474.77374pt>
File: figure/carAdvance.png Graphic file (type png)
<use figure/carAdvance.png>
Package pdftex.def Info: figure/carAdvance.png  used on input line 323.
(pdftex.def)             Requested size: 272.99881pt x 194.47014pt.
 [13 <c:/Users/hp/Desktop/pvzDesign3/figure/item.png> <c:/Users/hp/Desktop/pvzDesign3/figure/car.png>]
<figure/card.png, id=569, 1033.8625pt x 422.57875pt>
File: figure/card.png Graphic file (type png)
<use figure/card.png>
Package pdftex.def Info: figure/card.png  used on input line 329.
(pdftex.def)             Requested size: 272.99881pt x 111.58305pt.
<figure/mousepress.png, id=570, 645.41125pt x 295.1025pt>
File: figure/mousepress.png Graphic file (type png)
<use figure/mousepress.png>
Package pdftex.def Info: figure/mousepress.png  used on input line 334.
(pdftex.def)             Requested size: 272.99881pt x 124.82025pt.
<figure/mousemove.png, id=571, 1039.885pt x 584.1825pt>
File: figure/mousemove.png Graphic file (type png)
<use figure/mousemove.png>
Package pdftex.def Info: figure/mousemove.png  used on input line 339.
(pdftex.def)             Requested size: 272.99881pt x 153.36357pt.
 [14 <c:/Users/hp/Desktop/pvzDesign3/figure/carAdvance.png> <c:/Users/hp/Desktop/pvzDesign3/figure/card.png> <c:/Users/hp/Desktop/pvzDesign3/figure/mousepress.png>]
<figure/brush.png, id=579, 935.495pt x 168.63pt>
File: figure/brush.png Graphic file (type png)
<use figure/brush.png>
Package pdftex.def Info: figure/brush.png  used on input line 346.
(pdftex.def)             Requested size: 272.99881pt x 49.2102pt.
<figure/land.png, id=580, 1032.85875pt x 230.8625pt>
File: figure/land.png Graphic file (type png)
<use figure/land.png>
Package pdftex.def Info: figure/land.png  used on input line 353.
(pdftex.def)             Requested size: 272.99881pt x 61.01974pt.
<figure/dragenter.png, id=581, 1234.6125pt x 281.05pt>
File: figure/dragenter.png Graphic file (type png)
<use figure/dragenter.png>
Package pdftex.def Info: figure/dragenter.png  used on input line 358.
(pdftex.def)             Requested size: 272.99881pt x 62.14424pt.

Overfull \hbox (2.94617pt too wide) in paragraph at lines 355--359
[]\C70/rm/m/n/12/6c Ë \C70/rm/m/n/12/61 ^^O \C70/rm/m/n/12/52 0 \C70/rm/m/n/12/97 ^^@ \C70/rm/m/n/12/89 Å \C70/rm/m/n/12/91 Õ \C70/rm/m/n/12/51 ô\OT1/cmr/m/n/12 dragEnterEvent|\C70/rm/m/n/12/ff ^^L| \OT1/cmr/m/n/12 dragLeaveEvent|\C70/rm/m/n/12/ff ^^L| \OT1/cmr/m/n/12 dropEvent\C70/rm/m/n/12/51 ˝ \C70/rm/m/n/12/65 p|\C70/rm/m/n/12/ff ^^L| \C70/rm/m/n/12/67 e
 []

[15 <c:/Users/hp/Desktop/pvzDesign3/figure/mousemove.png> <c:/Users/hp/Desktop/pvzDesign3/figure/brush.png> <c:/Users/hp/Desktop/pvzDesign3/figure/land.png>]
<figure/pause.png, id=589, 1040.88875pt x 311.1625pt>
File: figure/pause.png Graphic file (type png)
<use figure/pause.png>
Package pdftex.def Info: figure/pause.png  used on input line 369.
(pdftex.def)             Requested size: 272.99881pt x 81.60779pt.
<figure/remove.png, id=590, 1053.9375pt x 326.21875pt>
File: figure/remove.png Graphic file (type png)
<use figure/remove.png>
Package pdftex.def Info: figure/remove.png  used on input line 379.
(pdftex.def)             Requested size: 272.99881pt x 84.50127pt.
 [16 <c:/Users/hp/Desktop/pvzDesign3/figure/dragenter.png> <c:/Users/hp/Desktop/pvzDesign3/figure/pause.png>]
<figure/addPlant.png, id=598, 606.265pt x 844.15375pt>
File: figure/addPlant.png Graphic file (type png)
<use figure/addPlant.png>
Package pdftex.def Info: figure/addPlant.png  used on input line 393.
(pdftex.def)             Requested size: 272.99881pt x 380.12329pt.
 [17 <c:/Users/hp/Desktop/pvzDesign3/figure/remove.png>]
<figure/sun.png, id=605, 1032.85875pt x 384.43625pt>
File: figure/sun.png Graphic file (type png)
<use figure/sun.png>
Package pdftex.def Info: figure/sun.png  used on input line 400.
(pdftex.def)             Requested size: 272.99881pt x 101.61115pt.
 [18 <c:/Users/hp/Desktop/pvzDesign3/figure/addPlant.png> <c:/Users/hp/Desktop/pvzDesign3/figure/sun.png>]
<figure/mainScene.png, id=615, 525.965pt x 393.47pt>
File: figure/mainScene.png Graphic file (type png)
<use figure/mainScene.png>
Package pdftex.def Info: figure/mainScene.png  used on input line 410.
(pdftex.def)             Requested size: 272.99881pt x 204.23332pt.
<figure/window.png, id=616, 515.9275pt x 148.555pt>
File: figure/window.png Graphic file (type png)
<use figure/window.png>
Package pdftex.def Info: figure/window.png  used on input line 416.
(pdftex.def)             Requested size: 272.99881pt x 78.60909pt.
<figure/fightButton.png, id=617, 774.895pt x 585.18625pt>
File: figure/fightButton.png Graphic file (type png)
<use figure/fightButton.png>
Package pdftex.def Info: figure/fightButton.png  used on input line 421.
(pdftex.def)             Requested size: 272.99881pt x 206.16656pt.
 [19 <c:/Users/hp/Desktop/pvzDesign3/figure/mainScene.png> <c:/Users/hp/Desktop/pvzDesign3/figure/window.png>]
Overfull \hbox (38.29869pt too wide) in paragraph at lines 423--425
\C70/rm/m/n/12/4e -\OT1/cmr/m/n/12 zoom1\C70/rm/m/n/12/54 å\OT1/cmr/m/n/12 zoom2\C70/rm/m/n/12/66 / \C70/rm/m/n/12/4e : Ü \C70/rm/m/n/12/5b û \C70/rm/m/n/12/73 ∞ \C70/rm/m/n/12/63 	 \C70/rm/m/n/12/94 Æ \C70/rm/m/n/12/88 ´ \C70/rm/m/n/12/70 π \C70/rm/m/n/12/51 ˚ \C70/rm/m/n/12/54 ^^N \C70/rm/m/n/12/76 Ñ \C70/rm/m/n/12/8d Û \C70/rm/m/n/12/52 ® \C70/rm/m/n/12/65 H \C70/rm/m/n/12/67 ú|\C70/rm/m/n/12/ff ^^L| \C70/rm/m/n/12/80 ^^L \C70/rm/m/n/12/88 ´ \C70/rm/m/n/12/70 π \C70/rm/m/n/12/51 ˚ \C70/rm/m/n/12/4e Â \C70/rm/m/n/12/54 ^^N\OT1/cmr/m/n/12 levelScene\C70/rm/m/n/12/76 Ñ
 []

<figure/levelScene.png, id=624, 548.0475pt x 453.695pt>
File: figure/levelScene.png Graphic file (type png)
<use figure/levelScene.png>
Package pdftex.def Info: figure/levelScene.png  used on input line 429.
(pdftex.def)             Requested size: 272.99881pt x 226.00235pt.

Underfull \hbox (badness 10000) in paragraph at lines 431--432

 []

[20 <c:/Users/hp/Desktop/pvzDesign3/figure/fightButton.png> <c:/Users/hp/Desktop/pvzDesign3/figure/levelScene.png>]
<figure/button.png, id=631, 575.14874pt x 329.23pt>
File: figure/button.png Graphic file (type png)
<use figure/button.png>
Package pdftex.def Info: figure/button.png  used on input line 445.
(pdftex.def)             Requested size: 272.99881pt x 156.27534pt.
 [21]
<figure/zoom.png, id=636, 976.64874pt x 352.31625pt>
File: figure/zoom.png Graphic file (type png)
<use figure/zoom.png>
Package pdftex.def Info: figure/zoom.png  used on input line 450.
(pdftex.def)             Requested size: 272.99881pt x 98.48122pt.
<figure/start.png, id=637, 1116.17pt x 654.445pt>
File: figure/start.png Graphic file (type png)
<use figure/start.png>
Package pdftex.def Info: figure/start.png  used on input line 460.
(pdftex.def)             Requested size: 272.99881pt x 160.06581pt.
 [22 <c:/Users/hp/Desktop/pvzDesign3/figure/button.png> <c:/Users/hp/Desktop/pvzDesign3/figure/zoom.png>]
<figure/game.jpg, id=646, 1084.05pt x 628.3475pt>
File: figure/game.jpg Graphic file (type jpg)
<use figure/game.jpg>
Package pdftex.def Info: figure/game.jpg  used on input line 467.
(pdftex.def)             Requested size: 272.99881pt x 158.23701pt.
 [23 <c:/Users/hp/Desktop/pvzDesign3/figure/start.png> <c:/Users/hp/Desktop/pvzDesign3/figure/game.jpg>]
Overfull \hbox (46.16464pt too wide) in paragraph at lines 492--493
[]\C70/rm/m/n/12/70 π \C70/rm/m/n/12/51 ˚ \C70/rm/m/n/12/5d Ê \C70/rm/m/n/12/4e 
 \C70/rm/m/n/12/65 π \C70/rm/m/n/12/76 Ñ\OT1/cmr/m/n/12 pause\C70/rm/m/n/12/63 	 \C70/rm/m/n/12/94 Æ \C70/rm/m/n/12/53 Ô \C70/rm/m/n/12/4e Â \C70/rm/m/n/12/5b ˘ \C70/rm/m/n/12/6e 8 \C70/rm/m/n/12/62 ^^O \C70/rm/m/n/12/8f € \C70/rm/m/n/12/88 L \C70/rm/m/n/12/66 Ç \C70/rm/m/n/12/50 \|\C70/rm/m/n/12/30 ^^B| \C70/rm/m/n/12/66 Ç \C70/rm/m/n/12/50 \ \C70/rm/m/n/12/54 ^^N \C70/rm/m/n/12/63 	 \C70/rm/m/n/12/94 Æ \C70/rm/m/n/12/4f ^^Z \C70/rm/m/n/12/53 ÿ \C70/rm/m/n/12/62 ^^P |\C70/rm/m/n/12/20 ^^\|\OT1/cmr/m/n/12 continue|\C70/rm/m/n/12/20 ^^]||\C70/rm/m/n/12/ff ^^L|
 []

[24]
<figure/time.png, id=673, 651.43375pt x 332.24126pt>
File: figure/time.png Graphic file (type png)
<use figure/time.png>
Package pdftex.def Info: figure/time.png  used on input line 516.
(pdftex.def)             Requested size: 272.99881pt x 139.23619pt.
 [25] [26 <c:/Users/hp/Desktop/pvzDesign3/figure/time.png>]
Package atveryend Info: Empty hook `BeforeClearDocument' on input line 545.
 [27]
Package atveryend Info: Empty hook `AfterLastShipout' on input line 545.
 (c:/Users/hp/Desktop/pvzDesign3/PVZThree.aux)
Package atveryend Info: Executing hook `AtVeryEndDocument' on input line 545.
Package atveryend Info: Executing hook `AtEndAfterFileList' on input line 545.
Package rerunfilecheck Info: File `PVZThree.out' has not changed.
(rerunfilecheck)             Checksum: 3A80A1468ADE94F8C635B07F737BD9BA;4948.
Package atveryend Info: Empty hook `AtVeryVeryEnd' on input line 545.
 ) 
Here is how much of TeX's memory you used:
 25543 strings out of 492623
 428827 string characters out of 6129060
 629905 words of memory out of 5000000
 28683 multiletter control sequences out of 15000+600000
 592095 words of font info for 243 fonts, out of 8000000 for 9000
 1141 hyphenation exceptions out of 8191
 41i,7n,63p,544b,655s stack positions out of 5000i,500n,10000p,200000b,80000s
<c:/Windows/Fonts/simhei.ttf><c:/Windows/Fonts/simsun.ttc><c:/Windows/Fonts/simsun.ttc><c:/Windows/Fonts/simhei.ttf><c:/Windows/Fonts/simhei.ttf><c:/Windows/Fonts/simhei.ttf><c:/Windows/Fonts/simhei.ttf><c:/Windows/Fonts/simsun.ttc><c:/Windows/Fonts/simsun.ttc><c:/Windows/Fonts/simsun.ttc><c:/Windows/Fonts/simhei.ttf><c:/Windows/Fonts/simhei.ttf><c:/Windows/Fonts/simsun.ttc><c:/Windows/Fonts/simsun.ttc><c:/Windows/Fonts/simsun.ttc><c:/Windows/Fonts/simsun.ttc><c:/Windows/Fonts/simsun.ttc><c:/Windows/Fonts/simsun.ttc><c:/Windows/Fonts/simsun.ttc><c:/Windows/Fonts/simsun.ttc><c:/Windows/Fonts/simsun.ttc><c:/Windows/Fonts/simsun.ttc><c:/Windows/Fonts/simsun.ttc><c:/Windows/Fonts/simsun.ttc><c:/Windows/Fonts/simsun.ttc><c:/Windows/Fonts/simsun.ttc><c:/Windows/Fonts/simsun.ttc><c:/Windows/Fonts/simsun.ttc><c:/Windows/Fonts/simsun.ttc><c:/Windows/Fonts/simsun.ttc><c:/Windows/Fonts/simsun.ttc><c:/Windows/Fonts/simsun.ttc><c:/Windows/Fonts/simsun.ttc><c:/Windows/Fonts/simhei.ttf><c:/Windows/Fonts/simhei.ttf><c:/Windows/Fonts/simsun.ttc><c:/Windows/Fonts/simsun.ttc><c:/Windows/Fonts/simsun.ttc><c:/Windows/Fonts/simsun.ttc><c:/Windows/Fonts/simsun.ttc><c:/Windows/Fonts/simsun.ttc><c:/Windows/Fonts/simsun.ttc><c:/Windows/Fonts/simsun.ttc><c:/Windows/Fonts/simhei.ttf><c:/Windows/Fonts/simhei.ttf><c:/Windows/Fonts/simsun.ttc><c:/Windows/Fonts/simsun.ttc><c:/Windows/Fonts/simsun.ttc><c:/Windows/Fonts/simsun.ttc><c:/Windows/Fonts/simsun.ttc><c:/Windows/Fonts/simhei.ttf><c:/Windows/Fonts/simhei.ttf><c:/Windows/Fonts/simhei.ttf><c:/Windows/Fonts/simhei.ttf><c:/Windows/Fonts/simhei.ttf><c:/Windows/Fonts/simhei.ttf><c:/Windows/Fonts/simsun.ttc><c:/Windows/Fonts/simsun.ttc><c:/Windows/Fonts/simsun.ttc><c:/Windows/Fonts/simsun.ttc><c:/Windows/Fonts/simsun.ttc><c:/Windows/Fonts/simhei.ttf><c:/Windows/Fonts/simhei.ttf><c:/Windows/Fonts/simhei.ttf><c:/Windows/Fonts/simhei.ttf><c:/Windows/Fonts/simsun.ttc><c:/Windows/Fonts/simsun.ttc><c:/Windows/Fonts/simsun.ttc><c:/Windows/Fonts/simsun.ttc><c:/Windows/Fonts/simsun.ttc><c:/Windows/Fonts/simsun.ttc><c:/Windows/Fonts/simsun.ttc><c:/Windows/Fonts/simsun.ttc><c:/Windows/Fonts/simsun.ttc><c:/Windows/Fonts/simsun.ttc><c:/Windows/Fonts/simsun.ttc><c:/Windows/Fonts/simsun.ttc><c:/Windows/Fonts/simsun.ttc><c:/Windows/Fonts/simhei.ttf><c:/Windows/Fonts/simhei.ttf><c:/Windows/Fonts/simhei.ttf><c:/Windows/Fonts/simhei.ttf><c:/Windows/Fonts/simhei.ttf><c:/Windows/Fonts/simhei.ttf><c:/Windows/Fonts/simhei.ttf><c:/Windows/Fonts/simhei.ttf><c:/Windows/Fonts/simhei.ttf><c:/Windows/Fonts/simhei.ttf><c:/Windows/Fonts/simhei.ttf><c:/Windows/Fonts/simhei.ttf><c:/Windows/Fonts/simsun.ttc><c:/Windows/Fonts/simsun.ttc><c:/Windows/Fonts/simsun.ttc><c:/Windows/Fonts/simsun.ttc><c:/Windows/Fonts/simsun.ttc><c:/Windows/Fonts/simsun.ttc><c:/Windows/Fonts/simsun.ttc><c:/Windows/Fonts/simsun.ttc><c:/Windows/Fonts/simsun.ttc><c:/Windows/Fonts/simsun.ttc><c:/Windows/Fonts/simhei.ttf><c:/Windows/Fonts/simhei.ttf><c:/Windows/Fonts/simhei.ttf><c:/Windows/Fonts/simsun.ttc><c:/Windows/Fonts/simhei.ttf><c:/Windows/Fonts/simhei.ttf><c:/Windows/Fonts/simhei.ttf><c:/Windows/Fonts/simhei.ttf><c:/Windows/Fonts/simsun.ttc><c:/Windows/Fonts/simsun.ttc><c:/Windows/Fonts/simhei.ttf><c:/Windows/Fonts/simhei.ttf><c:/Windows/Fonts/simsun.ttc><c:/Windows/Fonts/simsun.ttc><c:/Windows/Fonts/simsun.ttc><c:/Windows/Fonts/simsun.ttc><c:/Windows/Fonts/simhei.ttf><c:/Windows/Fonts/simhei.ttf><c:/Windows/Fonts/simsun.ttc><c:/Windows/Fonts/simhei.ttf><c:/Windows/Fonts/simhei.ttf><c:/Windows/Fonts/simhei.ttf><c:/Windows/Fonts/simhei.ttf><c:/Windows/Fonts/simhei.ttf><c:/Windows/Fonts/simhei.ttf><c:/Windows/Fonts/simhei.ttf><c:/Windows/Fonts/simhei.ttf><d:/LateXiso/texlive/2019/texmf-dist/fonts/type1/public/amsfonts/cm/cmbx12.pfb><d:/LateXiso/texlive/2019/texmf-dist/fonts/type1/public/amsfonts/cm/cmr12.pfb><d:/LateXiso/texlive/2019/texmf-dist/fonts/type1/public/amsfonts/cm/cmr17.pfb>
Output written on c:/Users/hp/Desktop/pvzDesign3/PVZThree.pdf (28 pages, 2458770 bytes).
PDF statistics:
 1127 PDF objects out of 1200 (max. 8388607)
 819 compressed objects within 9 object streams
 141 named destinations out of 1000 (max. 500000)
 850 words of extra memory for PDF output out of 10000 (max. 10000000)

